<?xml version="1.0" encoding="UTF-8"?>
<testsuite name="DatabaseTest" tests="1" skipped="0" failures="0" errors="0" timestamp="2017-11-20T13:12:58" hostname="fuxi16" time="0.185">
  <properties/>
  <testcase name="addingItems" classname="DatabaseTest" time="0.185"/>
  <system-out><![CDATA[]]></system-out>
  <system-err><![CDATA[]]></system-err>
</testsuite>
